2024-11-05 11:39:42,404 - INFO - Iniciando generación de 3 certificados
2024-11-05 11:39:42,981 - INFO - Certificado generado para Jhonier Yesid Santana Pedroza - ID: 11111111
2024-11-05 11:39:43,428 - INFO - Certificado generado para Jhonier Yesid Santana Pedroza - ID: 11111111
2024-11-05 11:39:43,895 - INFO - Certificado generado para Jhonier Yesid Santana Pedroza - ID: 11111111
2024-11-05 11:39:43,896 - INFO - Proceso completado: 3 generados, 0 errores
2024-11-05 13:50:49,640 - INFO - Iniciando generación de 3 certificados
2024-11-05 13:50:50,158 - INFO - Certificado generado para Jhonier Yesid Santana Pedroza - CC: 11111111
2024-11-05 13:50:50,671 - INFO - Certificado generado para Jhonier Yesid Santana Pedroza - TI: 11111112
2024-11-05 13:50:51,228 - INFO - Certificado generado para Jhonier Yesid Santana Pedroza - PT: 11111113
2024-11-05 13:50:51,229 - INFO - Proceso completado: 3 generados, 0 errores
2024-11-05 13:53:59,105 - INFO - Iniciando generación de 3 certificados
2024-11-05 13:53:59,619 - INFO - Certificado generado para Jhonier Yesid Santana Pedroza - CC: 11111111
2024-11-05 13:54:00,406 - INFO - Certificado generado para Jhonier Yesid Santana Pedroza - TI: 11111112
2024-11-05 13:54:00,896 - INFO - Certificado generado para Jhonier Yesid Santana Pedroza - PT: 11111113
2024-11-05 13:54:00,898 - INFO - Proceso completado: 3 generados, 0 errores
2024-11-06 12:15:07,918 - INFO - Iniciando generación de 3 certificados
2024-11-06 12:15:08,636 - INFO - Certificado generado para Jhonier Yesid Santana Pedroza - 11111111
2024-11-06 12:15:09,266 - INFO - Certificado generado para Jhonier Yesid Santana Pedroza - 11111112
2024-11-06 12:15:09,909 - INFO - Certificado generado para Jhonier Yesid Santana Pedroza - 11111113
2024-11-06 12:15:09,910 - INFO - Proceso completado: 3 generados, 0 errores
2024-11-06 12:16:27,414 - INFO - Iniciando generación de 3 certificados
2024-11-06 12:16:28,038 - INFO - Certificado generado para Jhonier Yesid Santana Pedroza - 11111111
2024-11-06 12:16:28,677 - INFO - Certificado generado para Jhonier Yesid Santana Pedroza - 11111112
2024-11-06 12:16:29,301 - INFO - Certificado generado para Jhonier Yesid Santana Pedroza - 11111113
2024-11-06 12:16:29,302 - INFO - Proceso completado: 3 generados, 0 errores
2024-11-06 12:21:18,303 - INFO - Iniciando generación de 3 certificados
2024-11-06 12:21:18,979 - INFO - Certificado generado para Jhonier Yesid Santana Pedroza - 11111111
2024-11-06 12:21:19,560 - INFO - Certificado generado para Jhonier Yesid Santana Pedroza - 11111112
2024-11-06 12:21:20,167 - INFO - Certificado generado para Jhonier Yesid Santana Pedroza - 11111113
2024-11-06 12:21:20,168 - INFO - Proceso completado: 3 generados, 0 errores
2024-11-06 12:22:43,762 - INFO - Iniciando generación de 3 certificados
2024-11-06 12:22:44,360 - INFO - Certificado generado para Jhonier Yesid Santana Pedroza - 11111111
2024-11-06 12:22:44,954 - INFO - Certificado generado para Jhonier Yesid Santana Pedroza - 11111112
2024-11-06 12:22:45,646 - INFO - Certificado generado para Jhonier Yesid Santana Pedroza - 11111113
2024-11-06 12:22:45,647 - INFO - Proceso completado: 3 generados, 0 errores
2024-11-06 12:23:29,946 - INFO - Iniciando generación de 3 certificados
2024-11-06 12:23:30,561 - INFO - Certificado generado para Jhonier Yesid Santana Pedroza - 11111111
2024-11-06 12:23:31,165 - INFO - Certificado generado para Jhonier Yesid Santana Pedroza - 11111112
2024-11-06 12:23:31,794 - INFO - Certificado generado para Jhonier Yesid Santana Pedroza - 11111113
2024-11-06 12:23:31,794 - INFO - Proceso completado: 3 generados, 0 errores
2024-11-06 12:24:22,040 - INFO - Iniciando generación de 3 certificados
2024-11-06 12:24:22,730 - INFO - Certificado generado para Jhonier Yesid Santana Pedroza - 11111111
2024-11-06 12:24:23,393 - INFO - Certificado generado para Jhonier Yesid Santana Pedroza - 11111112
2024-11-06 12:24:23,992 - INFO - Certificado generado para Jhonier Yesid Santana Pedroza - 11111113
2024-11-06 12:24:23,993 - INFO - Proceso completado: 3 generados, 0 errores
2024-11-06 12:28:38,060 - INFO - Iniciando generación de 3 certificados
2024-11-06 12:28:38,735 - INFO - Certificado generado para Jhonier Yesid Santana Pedroza - 11111111
2024-11-06 12:28:39,336 - INFO - Certificado generado para Jhonier Yesid Santana Pedroza - 11111112
2024-11-06 12:28:39,926 - INFO - Certificado generado para Jhonier Yesid Santana Pedroza - 11111113
2024-11-06 12:28:39,927 - INFO - Proceso completado: 3 generados, 0 errores
2024-11-06 12:31:59,392 - INFO - Iniciando generación de 3 certificados
2024-11-06 12:32:00,124 - INFO - Certificado generado para Jhonier Yesid Santana Pedroza - 11111111
2024-11-06 12:32:00,845 - INFO - Certificado generado para Jhonier Yesid Santana Pedroza - 11111112
2024-11-06 12:32:01,522 - INFO - Certificado generado para Jhonier Yesid Santana Pedroza - 11111113
2024-11-06 12:32:01,523 - INFO - Proceso completado: 3 generados, 0 errores
2024-11-06 12:32:43,985 - INFO - Iniciando generación de 3 certificados
2024-11-06 12:32:44,620 - INFO - Certificado generado para Jhonier Yesid Santana Pedroza - 11111111
2024-11-06 12:32:45,261 - INFO - Certificado generado para Jhonier Yesid Santana Pedroza - 11111112
2024-11-06 12:32:45,895 - INFO - Certificado generado para Jhonier Yesid Santana Pedroza - 11111113
2024-11-06 12:32:45,896 - INFO - Proceso completado: 3 generados, 0 errores
2024-11-06 12:33:26,084 - INFO - Iniciando generación de 3 certificados
2024-11-06 12:33:26,686 - INFO - Certificado generado para Jhonier Yesid Santana Pedroza - 11111111
2024-11-06 12:33:27,364 - INFO - Certificado generado para Jhonier Yesid Santana Pedroza - 11111112
2024-11-06 12:33:27,972 - INFO - Certificado generado para Jhonier Yesid Santana Pedroza - 11111113
2024-11-06 12:33:27,973 - INFO - Proceso completado: 3 generados, 0 errores
2024-11-06 12:34:24,988 - INFO - Iniciando generación de 3 certificados
2024-11-06 12:34:25,590 - INFO - Certificado generado para Jhonier Yesid Santana Pedroza - 11111111
2024-11-06 12:34:26,239 - INFO - Certificado generado para Jhonier Yesid Santana Pedroza - 11111112
2024-11-06 12:34:26,848 - INFO - Certificado generado para Jhonier Yesid Santana Pedroza - 11111113
2024-11-06 12:34:26,849 - INFO - Proceso completado: 3 generados, 0 errores
2024-11-06 12:34:55,736 - INFO - Iniciando generación de 3 certificados
2024-11-06 12:34:56,420 - INFO - Certificado generado para Jhonier Yesid Santana Pedroza - 11111111
2024-11-06 12:34:57,300 - INFO - Certificado generado para Jhonier Yesid Santana Pedroza - 11111112
2024-11-06 12:34:58,000 - INFO - Certificado generado para Jhonier Yesid Santana Pedroza - 11111113
2024-11-06 12:34:58,001 - INFO - Proceso completado: 3 generados, 0 errores
2024-11-06 12:35:35,298 - INFO - Iniciando generación de 3 certificados
2024-11-06 12:35:35,998 - INFO - Certificado generado para Jhonier Yesid Santana Pedroza - 11111111
2024-11-06 12:35:36,693 - INFO - Certificado generado para Jhonier Yesid Santana Pedroza - 11111112
2024-11-06 12:35:37,317 - INFO - Certificado generado para Jhonier Yesid Santana Pedroza - 11111113
2024-11-06 12:35:37,318 - INFO - Proceso completado: 3 generados, 0 errores
2024-11-06 12:36:55,644 - INFO - Iniciando generación de 3 certificados
2024-11-06 12:36:56,354 - INFO - Certificado generado para Jhonier Yesid Santana Pedroza - 11111111
2024-11-06 12:36:57,019 - INFO - Certificado generado para Jhonier Yesid Santana Pedroza - 11111112
2024-11-06 12:36:57,792 - INFO - Certificado generado para Jhonier Yesid Santana Pedroza - 11111113
2024-11-06 12:36:57,793 - INFO - Proceso completado: 3 generados, 0 errores
2024-11-06 12:38:05,545 - INFO - Iniciando generación de 3 certificados
2024-11-06 12:38:06,135 - INFO - Certificado generado para Jhonier Yesid Santana Pedroza - 11111111
2024-11-06 12:38:06,810 - INFO - Certificado generado para Jhonier Yesid Santana Pedroza - 11111112
2024-11-06 12:38:07,401 - INFO - Certificado generado para Jhonier Yesid Santana Pedroza - 11111113
2024-11-06 12:38:07,402 - INFO - Proceso completado: 3 generados, 0 errores
2024-11-06 12:39:00,131 - INFO - Iniciando generación de 3 certificados
2024-11-06 12:39:00,736 - INFO - Certificado generado para Jhonier Yesid Santana Pedroza - 11111111
2024-11-06 12:39:01,356 - INFO - Certificado generado para Jhonier Yesid Santana Pedroza - 11111112
2024-11-06 12:39:01,983 - INFO - Certificado generado para Jhonier Yesid Santana Pedroza - 11111113
2024-11-06 12:39:01,984 - INFO - Proceso completado: 3 generados, 0 errores
2024-11-06 12:39:44,314 - INFO - Iniciando generación de 3 certificados
2024-11-06 12:39:44,933 - INFO - Certificado generado para Jhonier Yesid Santana Pedroza - 11111111
2024-11-06 12:39:45,579 - INFO - Certificado generado para Jhonier Yesid Santana Pedroza - 11111112
2024-11-06 12:39:46,214 - INFO - Certificado generado para Jhonier Yesid Santana Pedroza - 11111113
2024-11-06 12:39:46,215 - INFO - Proceso completado: 3 generados, 0 errores
2024-11-06 12:40:54,039 - INFO - Iniciando generación de 3 certificados
2024-11-06 12:40:54,775 - INFO - Certificado generado para Jhonier Yesid Santana Pedroza - 11111111
2024-11-06 12:40:55,474 - INFO - Certificado generado para Jhonier Yesid Santana Pedroza - 11111112
2024-11-06 12:40:56,298 - INFO - Certificado generado para Jhonier Yesid Santana Pedroza - 11111113
2024-11-06 12:40:56,301 - INFO - Proceso completado: 3 generados, 0 errores
2024-11-06 12:41:08,797 - INFO - Iniciando generación de 3 certificados
2024-11-06 12:41:09,495 - INFO - Certificado generado para Jhonier Yesid Santana Pedroza - 11111111
2024-11-06 12:41:10,257 - INFO - Certificado generado para Jhonier Yesid Santana Pedroza - 11111112
2024-11-06 12:41:11,037 - INFO - Certificado generado para Jhonier Yesid Santana Pedroza - 11111113
2024-11-06 12:41:11,038 - INFO - Proceso completado: 3 generados, 0 errores
2024-11-06 12:42:20,524 - INFO - Iniciando generación de 3 certificados
2024-11-06 12:42:21,249 - INFO - Certificado generado para Jhonier Yesid Santana Pedroza - 11111111
2024-11-06 12:42:22,006 - INFO - Certificado generado para Jhonier Yesid Santana Pedroza - 11111112
2024-11-06 12:42:22,606 - INFO - Certificado generado para Jhonier Yesid Santana Pedroza - 11111113
2024-11-06 12:42:22,608 - INFO - Proceso completado: 3 generados, 0 errores
2024-11-06 12:42:46,415 - INFO - Iniciando generación de 3 certificados
2024-11-06 12:42:47,084 - INFO - Certificado generado para Jhonier Yesid Santana Pedroza - 11111111
2024-11-06 12:42:47,810 - INFO - Certificado generado para Jhonier Yesid Santana Pedroza - 11111112
2024-11-06 12:42:48,727 - INFO - Certificado generado para Jhonier Yesid Santana Pedroza - 11111113
2024-11-06 12:42:48,728 - INFO - Proceso completado: 3 generados, 0 errores
2024-11-06 12:43:19,625 - INFO - Iniciando generación de 3 certificados
2024-11-06 12:43:20,237 - INFO - Certificado generado para Jhonier Yesid Santana Pedroza - 11111111
2024-11-06 12:43:20,912 - INFO - Certificado generado para Jhonier Yesid Santana Pedroza - 11111112
2024-11-06 12:43:21,536 - INFO - Certificado generado para Jhonier Yesid Santana Pedroza - 11111113
2024-11-06 12:43:21,537 - INFO - Proceso completado: 3 generados, 0 errores
2024-11-06 12:46:50,830 - INFO - Iniciando generación de 3 certificados
2024-11-06 12:46:51,427 - INFO - Certificado generado para Jhonier Yesid Santana Pedroza - 11111111
2024-11-06 12:46:52,091 - INFO - Certificado generado para Jhonier Yesid Santana Pedroza - 11111112
2024-11-06 12:46:52,672 - INFO - Certificado generado para Jhonier Yesid Santana Pedroza - 11111113
2024-11-06 12:46:52,673 - INFO - Proceso completado: 3 generados, 0 errores
2024-11-06 12:59:51,462 - INFO - Iniciando generación de 3 certificados
2024-11-06 12:59:52,139 - INFO - Certificado generado para Jhonier Yesid Santana Pedroza - 11111111
2024-11-06 12:59:52,775 - INFO - Certificado generado para Jhonier Yesid Santana Pedroza - 11111112
2024-11-06 12:59:53,389 - INFO - Certificado generado para Jhonier Yesid Santana Pedroza - 11111113
2024-11-06 12:59:53,390 - INFO - Proceso completado: 3 generados, 0 errores
2024-11-06 13:05:27,674 - INFO - Iniciando generación de 3 certificados
2024-11-06 13:05:28,480 - INFO - Certificado generado para Jhonier Yesid Santana Pedroza - 11111111
2024-11-06 13:05:29,227 - INFO - Certificado generado para Jhonier Yesid Santana Pedroza - 11111112
2024-11-06 13:05:29,956 - INFO - Certificado generado para Jhonier Yesid Santana Pedroza - 11111113
2024-11-06 13:05:29,957 - INFO - Proceso completado: 3 generados, 0 errores
2024-11-06 13:07:01,851 - INFO - Iniciando generación de 3 certificados
2024-11-06 13:07:02,508 - INFO - Certificado generado para Jhonier Yesid Santana Pedroza - 11111111
2024-11-06 13:07:03,293 - INFO - Certificado generado para Jhonier Yesid Santana Pedroza - 11111112
2024-11-06 13:07:04,104 - INFO - Certificado generado para Jhonier Yesid Santana Pedroza - 11111113
2024-11-06 13:07:04,106 - INFO - Proceso completado: 3 generados, 0 errores
2024-11-06 13:10:44,774 - INFO - Iniciando generación de 3 certificados
2024-11-06 13:10:45,488 - INFO - Certificado generado para Jhonier Yesid Santana Pedroza - 11111111
2024-11-06 13:10:46,320 - INFO - Certificado generado para Jhonier Yesid Santana Pedroza - 11111112
2024-11-06 13:10:47,110 - INFO - Certificado generado para Jhonier Yesid Santana Pedroza - 11111113
2024-11-06 13:10:47,112 - INFO - Proceso completado: 3 generados, 0 errores
2024-11-06 13:11:10,217 - INFO - Iniciando generación de 7 certificados
2024-11-06 13:11:10,823 - INFO - Certificado generado para Andres Esteban Monsalve Vasquez - 1000403325
2024-11-06 13:11:11,536 - INFO - Certificado generado para Jesús David Torres Ospino - 1082066563
2024-11-06 13:11:12,157 - INFO - Certificado generado para Andrés Alfonso de Jesús Palma Bustos  - 1140886084
2024-11-06 13:11:12,765 - INFO - Certificado generado para Carlos Andrés Palacios Mena - 1001671800
2024-11-06 13:11:13,427 - INFO - Certificado generado para Mariana Ramírez Rúa - 1025762335
2024-11-06 13:11:14,074 - INFO - Certificado generado para Natalia Alexandra Triana Barragán  - 1010010057
2024-11-06 13:11:14,695 - INFO - Certificado generado para Sara Michelle Gómez Pulgarín  - 1013338186
2024-11-06 13:11:14,697 - INFO - Proceso completado: 7 generados, 0 errores
2024-11-06 13:14:19,414 - INFO - Iniciando generación de 18 certificados
2024-11-06 13:14:20,089 - INFO - Certificado generado para Ana María Sarmiento González  - 1140890619
2024-11-06 13:14:20,694 - INFO - Certificado generado para Andrea Carolina Ariza Alvarez - 1001995716
2024-11-06 13:14:21,327 - INFO - Certificado generado para Andres Rene Velilla Cardona - 1152204422
2024-11-06 13:14:22,041 - INFO - Certificado generado para Angie Carolina Hurtado Tabares - 1143996280
2024-11-06 13:14:22,649 - INFO - Certificado generado para Blanca Ligia Peña Escobar - 1022396698
2024-11-06 13:14:23,259 - INFO - Certificado generado para Carolina Villa Pérez - 1037653317
2024-11-06 13:14:23,880 - INFO - Certificado generado para Diana María Omen - 1130601580
2024-11-06 13:14:24,532 - INFO - Certificado generado para Jainha Andrea Altamar Bermejo - 1234092951
2024-11-06 13:14:25,169 - INFO - Certificado generado para Jaisson Alexis Rojas Bautista  - 1144055897
2024-11-06 13:14:25,826 - INFO - Certificado generado para Juan Esteban Osorio Castañeda - 1017217681
2024-11-06 13:14:26,429 - INFO - Certificado generado para Kimberly Zamora Ramos - 1111202235
2024-11-06 13:14:27,035 - INFO - Certificado generado para Koraima Torres Diaz - 1005576535
2024-11-06 13:14:27,722 - INFO - Certificado generado para María Alejandra Henao - 1116439935
2024-11-06 13:14:28,408 - INFO - Certificado generado para Maria Alexandra Castillo Ortiz  - 1144190365
2024-11-06 13:14:29,011 - INFO - Certificado generado para Mariano Andres Sosa Soto - 1035442758
2024-11-06 13:14:29,679 - INFO - Certificado generado para Nathalie Yara Cervantes Cardozo - 1048065478
2024-11-06 13:14:30,326 - INFO - Certificado generado para Sebastián La Rotta La Rotta - 1002405506
2024-11-06 13:14:30,944 - INFO - Certificado generado para Yizel Herrera zapata - 1001415999
2024-11-06 13:14:30,946 - INFO - Proceso completado: 18 generados, 0 errores
2024-11-06 13:17:57,922 - INFO - Iniciando generación de 12 certificados
2024-11-06 13:17:58,581 - INFO - Certificado generado para Angie Liceth Alarcon Echeverri - 1000636686
2024-11-06 13:17:59,226 - INFO - Certificado generado para Daniela Araque Sánchez  - 1040752147
2024-11-06 13:17:59,929 - INFO - Certificado generado para Gustavo Jose Garcia Perez - 1007893929
2024-11-06 13:18:00,636 - INFO - Certificado generado para Hilda Fernanda Mantilla Basto - 1094279445
2024-11-06 13:18:01,282 - INFO - Certificado generado para Holguer Alfonso Pinzón Coneo - 1037949781
2024-11-06 13:18:01,938 - INFO - Certificado generado para Jhonier Yesid Santana Pedroza - 1102488006
2024-11-06 13:18:02,552 - INFO - Certificado generado para Josefina Valoyes Córdoba - 1010089529
2024-11-06 13:18:03,171 - INFO - Certificado generado para Karen Johana Herrera Vargas - 1011322099
2024-11-06 13:18:03,837 - INFO - Certificado generado para Laura Tatiana Dávila García  - 1006099509
2024-11-06 13:18:04,475 - INFO - Certificado generado para Luisa María Tamayo Gómez  - 1020472461
2024-11-06 13:18:05,107 - INFO - Certificado generado para Holmar Jose Canchano Salcedo - 1045747390
2024-11-06 13:18:05,817 - INFO - Certificado generado para Sara Jaramillo Causil - 1038100437
2024-11-06 13:18:05,818 - INFO - Proceso completado: 12 generados, 0 errores
2024-11-06 15:29:16,585 - INFO - Iniciando generación de 12 certificados
2024-11-06 15:29:17,459 - INFO - Certificado generado para Angie Liceth Alarcon Echeverri - 1000636686
2024-11-06 15:29:18,419 - INFO - Certificado generado para Daniela Araque Sánchez  - 1040752147
2024-11-06 15:29:19,506 - INFO - Certificado generado para Gustavo Jose Garcia Perez - 1007893929
2024-11-06 15:29:20,285 - INFO - Certificado generado para Hilda Fernanda Mantilla Basto - 1094279445
2024-11-06 15:29:21,112 - INFO - Certificado generado para Holguer Alfonso Pinzón Coneo - 1037949781
2024-11-06 15:29:21,902 - INFO - Certificado generado para Jhonier Yesid Santana Pedroza - 1102488006
2024-11-06 15:29:22,697 - INFO - Certificado generado para Josefina Valoyes Córdoba - 1010089529
2024-11-06 15:29:23,492 - INFO - Certificado generado para Karen Johana Herrera Vargas - 1011322099
2024-11-06 15:29:24,243 - INFO - Certificado generado para Laura Tatiana Dávila García  - 1006099509
2024-11-06 15:29:25,002 - INFO - Certificado generado para Luisa María Tamayo Gómez  - 1020472461
2024-11-06 15:29:25,770 - INFO - Certificado generado para Holmar Jose Canchano Salcedo - 1045747390
2024-11-06 15:29:26,545 - INFO - Certificado generado para Sara Jaramillo Causil - 1038100437
2024-11-06 15:29:26,546 - INFO - Proceso completado: 12 generados, 0 errores
